I0219 15:51:36.879662 4333553024 run_training_v2.py:110] Running on cpu, with the following arguments:
I0219 15:51:36.879792 4333553024 run_training_v2.py:112] {'board_size': 9, 'stack_history': 4, 'num_res_blocks': 6, 'num_planes': 64, 'replay_capacity': 100000, 'min_replay_size': 20000, 'batch_size': 128, 'learning_rate': 0.002, 'lr_decay': 0.1, 'lr_decay_milestones': [200000, 600000], 'num_train_steps': 1000000, 'argument_data': True, 'num_actors': 5, 'num_simulations': 240, 'parallel_leaves': 8, 'c_puct_base': 19652.0, 'c_puct_init': 1.25, 'temp_begin_value': 1.0, 'temp_end_value': 0.01, 'temp_decay_steps': 30, 'train_delay': 0.9, 'initial_elo': 0.0, 'checkpoint_frequency': 1000, 'checkpoint_dir': 'checkpoints/gomoku_v2', 'load_checkpoint_file': '', 'train_csv_file': 'logs/train_gomoku_v2_mac_mini.csv', 'eval_csv_file': 'logs/eval_gomoku_v2_mac_mini.csv', 'seed': 1}
I0219 15:51:37.548707 6161641472 pipeline_v1.py:455] Start data collector thread
I0219 15:51:37.548973 6178467840 pipeline_v2.py:103] Start training thread
I0219 15:51:38.584165 4379149696 pipeline_v2.py:216] Start evaluator
I0219 15:51:38.584511 4379133312 pipeline_v1.py:89] Start self-play actor 3
I0219 15:51:38.593018 4347987328 pipeline_v1.py:89] Start self-play actor 1
I0219 15:51:38.595130 4336043392 pipeline_v1.py:89] Start self-play actor 2
I0219 15:51:38.595496 4309599616 pipeline_v1.py:89] Start self-play actor 0
I0219 15:51:38.687770 4310369664 pipeline_v1.py:89] Start self-play actor 4
I0219 16:56:03.053471 6161641472 pipeline_v1.py:471] Collected 20000 samples, sample generation rate 5.17
I0219 17:28:07.750474 6178467840 pipeline_v2.py:146] Train step 1000, train sample rate 66.70
I0219 18:00:07.661972 6178467840 pipeline_v2.py:146] Train step 2000, train sample rate 66.68
I0219 18:04:24.663180 6161641472 pipeline_v1.py:471] Collected 40000 samples, sample generation rate 5.02
I0219 18:31:51.055854 6178467840 pipeline_v2.py:146] Train step 3000, train sample rate 66.87
I0219 19:03:37.201350 6178467840 pipeline_v2.py:146] Train step 4000, train sample rate 66.94
I0219 19:08:06.625483 6161641472 pipeline_v1.py:471] Collected 60000 samples, sample generation rate 5.09
libc++abi: terminating with uncaught exception of type std::__1::system_error: condition_variable wait failed: Invalid argument
I0219 19:34:21.503664 6178467840 pipeline_v2.py:146] Train step 5000, train sample rate 67.42
I0219 20:03:16.886485 6178467840 pipeline_v2.py:146] Train step 6000, train sample rate 68.40
I0219 20:10:19.474106 6161641472 pipeline_v1.py:471] Collected 80000 samples, sample generation rate 5.15
I0219 20:26:08.256725 4347987328 pipeline_v1.py:152] Self-play actor 1 played 1000 games
I0219 20:28:00.100202 4379133312 pipeline_v1.py:152] Self-play actor 3 played 1000 games
I0219 20:28:11.923316 4336043392 pipeline_v1.py:152] Self-play actor 2 played 1000 games
I0219 20:29:34.732325 4309599616 pipeline_v1.py:152] Self-play actor 0 played 1000 games
I0219 20:32:16.663178 6178467840 pipeline_v2.py:146] Train step 7000, train sample rate 69.09
I0219 21:01:14.107747 6178467840 pipeline_v2.py:146] Train step 8000, train sample rate 69.63
I0219 21:08:02.006585 6161641472 pipeline_v1.py:471] Collected 100000 samples, sample generation rate 5.27
I0219 21:30:06.686995 6178467840 pipeline_v2.py:146] Train step 9000, train sample rate 70.08
I0219 21:58:49.683094 6178467840 pipeline_v2.py:146] Train step 10000, train sample rate 70.48
I0219 22:06:28.223145 6161641472 pipeline_v1.py:471] Collected 120000 samples, sample generation rate 5.34
I0219 22:27:29.544372 6178467840 pipeline_v2.py:146] Train step 11000, train sample rate 70.82
I0219 22:52:11.521323 4347987328 pipeline_v1.py:152] Self-play actor 1 played 2000 games
I0219 22:56:02.522319 6178467840 pipeline_v2.py:146] Train step 12000, train sample rate 71.13
I0219 22:58:11.273334 4336043392 pipeline_v1.py:152] Self-play actor 2 played 2000 games
I0219 22:59:50.467076 4379133312 pipeline_v1.py:152] Self-play actor 3 played 2000 games
I0219 23:00:10.739034 4309599616 pipeline_v1.py:152] Self-play actor 0 played 2000 games
I0219 23:07:28.802783 6161641472 pipeline_v1.py:471] Collected 140000 samples, sample generation rate 5.35
I0219 23:24:36.222889 6178467840 pipeline_v2.py:146] Train step 13000, train sample rate 71.39
I0219 23:53:11.461952 6178467840 pipeline_v2.py:146] Train step 14000, train sample rate 71.61
I0220 00:10:33.717480 6161641472 pipeline_v1.py:471] Collected 160000 samples, sample generation rate 5.34
I0220 00:21:45.396922 6178467840 pipeline_v2.py:146] Train step 15000, train sample rate 71.81
I0220 00:50:10.223092 6178467840 pipeline_v2.py:146] Train step 16000, train sample rate 72.01
I0220 01:14:23.581115 6161641472 pipeline_v1.py:471] Collected 180000 samples, sample generation rate 5.33
I0220 01:18:34.682045 6178467840 pipeline_v2.py:146] Train step 17000, train sample rate 72.18
I0220 01:45:55.017465 4347987328 pipeline_v1.py:152] Self-play actor 1 played 3000 games
I0220 01:47:03.365956 6178467840 pipeline_v2.py:146] Train step 18000, train sample rate 72.33
I0220 01:53:38.655357 4336043392 pipeline_v1.py:152] Self-play actor 2 played 3000 games
I0220 01:58:45.135869 4379133312 pipeline_v1.py:152] Self-play actor 3 played 3000 games
I0220 02:03:24.152245 4309599616 pipeline_v1.py:152] Self-play actor 0 played 3000 games
I0220 02:15:35.517930 6178467840 pipeline_v2.py:146] Train step 19000, train sample rate 72.45
I0220 02:18:13.882533 6161641472 pipeline_v1.py:471] Collected 200000 samples, sample generation rate 5.32
I0220 02:43:56.699357 6178467840 pipeline_v2.py:146] Train step 20000, train sample rate 72.59
I0220 03:12:19.895912 6178467840 pipeline_v2.py:146] Train step 21000, train sample rate 72.70
I0220 03:22:59.330965 6161641472 pipeline_v1.py:471] Collected 220000 samples, sample generation rate 5.30
I0220 03:40:41.002743 6178467840 pipeline_v2.py:146] Train step 22000, train sample rate 72.82
I0220 04:09:02.913480 6178467840 pipeline_v2.py:146] Train step 23000, train sample rate 72.92
I0220 04:29:02.537747 6161641472 pipeline_v1.py:471] Collected 240000 samples, sample generation rate 5.28
I0220 04:37:27.199729 6178467840 pipeline_v2.py:146] Train step 24000, train sample rate 73.01
I0220 04:41:21.637658 4347987328 pipeline_v1.py:152] Self-play actor 1 played 4000 games
I0220 04:49:42.683381 4336043392 pipeline_v1.py:152] Self-play actor 2 played 4000 games
I0220 04:53:08.775844 4379133312 pipeline_v1.py:152] Self-play actor 3 played 4000 games
I0220 05:05:02.885626 4309599616 pipeline_v1.py:152] Self-play actor 0 played 4000 games
I0220 05:05:47.992163 6178467840 pipeline_v2.py:146] Train step 25000, train sample rate 73.09
I0220 05:34:08.072816 6178467840 pipeline_v2.py:146] Train step 26000, train sample rate 73.18
I0220 05:34:08.671319 6161641472 pipeline_v1.py:471] Collected 260000 samples, sample generation rate 5.27
I0220 06:02:30.014173 6178467840 pipeline_v2.py:146] Train step 27000, train sample rate 73.25
I0220 06:30:49.256132 6178467840 pipeline_v2.py:146] Train step 28000, train sample rate 73.32
I0220 06:38:14.693775 6161641472 pipeline_v1.py:471] Collected 280000 samples, sample generation rate 5.26
I0220 06:59:07.029618 6178467840 pipeline_v2.py:146] Train step 29000, train sample rate 73.39
I0220 07:23:16.078444 4347987328 pipeline_v1.py:152] Self-play actor 1 played 5000 games
I0220 07:27:43.856688 6178467840 pipeline_v2.py:146] Train step 30000, train sample rate 73.43
I0220 07:29:10.511309 4336043392 pipeline_v1.py:152] Self-play actor 2 played 5000 games
I0220 07:35:44.806768 4379133312 pipeline_v1.py:152] Self-play actor 3 played 5000 games
I0220 07:38:08.702874 6161641472 pipeline_v1.py:471] Collected 300000 samples, sample generation rate 5.28
I0220 07:50:47.292424 4309599616 pipeline_v1.py:152] Self-play actor 0 played 5000 games
I0220 07:56:32.148483 6178467840 pipeline_v2.py:146] Train step 31000, train sample rate 73.45
I0220 08:25:11.857661 6178467840 pipeline_v2.py:146] Train step 32000, train sample rate 73.48
I0220 08:33:38.260645 6161641472 pipeline_v1.py:471] Collected 320000 samples, sample generation rate 5.32
I0220 08:53:52.227653 6178467840 pipeline_v2.py:146] Train step 33000, train sample rate 73.51
I0220 09:22:30.628198 6178467840 pipeline_v2.py:146] Train step 34000, train sample rate 73.54
I0220 09:29:49.894078 6161641472 pipeline_v1.py:471] Collected 340000 samples, sample generation rate 5.35
I0220 09:43:50.167361 4347987328 pipeline_v1.py:152] Self-play actor 1 played 6000 games
I0220 09:51:12.828463 6178467840 pipeline_v2.py:146] Train step 35000, train sample rate 73.56
I0220 09:52:04.690351 4336043392 pipeline_v1.py:152] Self-play actor 2 played 6000 games
I0220 09:55:04.274927 4379133312 pipeline_v1.py:152] Self-play actor 3 played 6000 games
I0220 10:15:43.883282 4309599616 pipeline_v1.py:152] Self-play actor 0 played 6000 games
I0220 10:19:56.541589 6178467840 pipeline_v2.py:146] Train step 36000, train sample rate 73.58
I0220 10:26:28.376029 6161641472 pipeline_v1.py:471] Collected 360000 samples, sample generation rate 5.38
I0220 10:48:36.066514 6178467840 pipeline_v2.py:146] Train step 37000, train sample rate 73.60
I0220 11:17:15.870939 6178467840 pipeline_v2.py:146] Train step 38000, train sample rate 73.62
I0220 11:23:15.595226 6161641472 pipeline_v1.py:471] Collected 380000 samples, sample generation rate 5.41
I0220 11:45:47.888327 6178467840 pipeline_v2.py:146] Train step 39000, train sample rate 73.65
I0220 12:05:07.037142 4347987328 pipeline_v1.py:152] Self-play actor 1 played 7000 games
I0220 12:14:19.551372 6178467840 pipeline_v2.py:146] Train step 40000, train sample rate 73.68
I0220 12:14:27.300286 4336043392 pipeline_v1.py:152] Self-play actor 2 played 7000 games
I0220 12:17:10.850275 4379133312 pipeline_v1.py:152] Self-play actor 3 played 7000 games
I0220 12:20:54.362443 6161641472 pipeline_v1.py:471] Collected 400000 samples, sample generation rate 5.42
I0220 12:41:47.658032 4309599616 pipeline_v1.py:152] Self-play actor 0 played 7000 games
I0220 12:42:55.018399 6178467840 pipeline_v2.py:146] Train step 41000, train sample rate 73.70
I0220 13:11:28.821032 6178467840 pipeline_v2.py:146] Train step 42000, train sample rate 73.72
I0220 13:19:31.409801 6161641472 pipeline_v1.py:471] Collected 420000 samples, sample generation rate 5.44
I0220 13:40:00.105484 6178467840 pipeline_v2.py:146] Train step 43000, train sample rate 73.75
I0220 14:08:26.140717 6178467840 pipeline_v2.py:146] Train step 44000, train sample rate 73.78
I0220 14:18:40.185649 6161641472 pipeline_v1.py:471] Collected 440000 samples, sample generation rate 5.44
I0220 14:26:30.957724 4347987328 pipeline_v1.py:152] Self-play actor 1 played 8000 games
I0220 14:36:55.394437 6178467840 pipeline_v2.py:146] Train step 45000, train sample rate 73.80
I0220 14:40:35.143253 4336043392 pipeline_v1.py:152] Self-play actor 2 played 8000 games
I0220 14:41:08.624310 4379133312 pipeline_v1.py:152] Self-play actor 3 played 8000 games
I0220 15:05:22.720688 6178467840 pipeline_v2.py:146] Train step 46000, train sample rate 73.83
I0220 15:14:41.297128 4309599616 pipeline_v1.py:152] Self-play actor 0 played 8000 games
I0220 15:18:14.390013 6161641472 pipeline_v1.py:471] Collected 460000 samples, sample generation rate 5.45
I0220 15:33:49.750696 6178467840 pipeline_v2.py:146] Train step 47000, train sample rate 73.85
I0220 16:02:17.947505 6178467840 pipeline_v2.py:146] Train step 48000, train sample rate 73.87
I0220 16:18:51.814229 6161641472 pipeline_v1.py:471] Collected 480000 samples, sample generation rate 5.45
I0220 16:30:36.379488 6178467840 pipeline_v2.py:146] Train step 49000, train sample rate 73.90
I0220 16:54:37.043798 4347987328 pipeline_v1.py:152] Self-play actor 1 played 9000 games
I0220 16:59:00.208727 6178467840 pipeline_v2.py:146] Train step 50000, train sample rate 73.93
I0220 17:08:18.682869 4336043392 pipeline_v1.py:152] Self-play actor 2 played 9000 games
I0220 17:10:01.968935 4379133312 pipeline_v1.py:152] Self-play actor 3 played 9000 games
I0220 17:18:43.203367 6161641472 pipeline_v1.py:471] Collected 500000 samples, sample generation rate 5.46
I0220 17:27:26.292086 6178467840 pipeline_v2.py:146] Train step 51000, train sample rate 73.95
I0220 17:48:23.039092 4309599616 pipeline_v1.py:152] Self-play actor 0 played 9000 games
I0220 17:55:57.231223 6178467840 pipeline_v2.py:146] Train step 52000, train sample rate 73.96
I0220 18:16:14.869518 6161641472 pipeline_v1.py:471] Collected 520000 samples, sample generation rate 5.47
I0220 18:24:27.201110 6178467840 pipeline_v2.py:146] Train step 53000, train sample rate 73.98
I0220 18:53:02.585824 6178467840 pipeline_v2.py:146] Train step 54000, train sample rate 73.99
I0220 19:14:25.301744 6161641472 pipeline_v1.py:471] Collected 540000 samples, sample generation rate 5.48
I0220 19:14:57.078416 4347987328 pipeline_v1.py:152] Self-play actor 1 played 10000 games
I0220 19:21:37.249193 6178467840 pipeline_v2.py:146] Train step 55000, train sample rate 74.00
